<?xml version="1.0" encoding="UTF-8"?>
<!-- Generated by org.testng.reporters.JUnitReportReporter -->
<testsuite skipped="0" hostname="user" name="com.tyss.Selenium_Title" tests="1" failures="0" timestamp="25 Apr 2019 11:09:35 GMT" time="16.656" errors="0">
  <testcase name="test" time="16.656" classname="com.tyss.Selenium_Title"/>
</testsuite> <!-- com.tyss.Selenium_Title -->
